<?xml version="1.0" encoding="UTF-8"?>
<robot generator="Robot 3.0.2 (Python 3.6.4 on win32)" generated="20180323 13:18:22.256">
<suite id="s1" name="DatabaseTest1" source="C:\Users\rvenkatasampath\PycharmProjects\Project1\DatabaseTest1.robot">
<test id="s1-t1" name="Test title">
<kw name="Connect To Database" library="DatabaseLibrary">
<doc>Loads the DB API 2.0 module given `dbapiModuleName` then uses it to</doc>
<arguments>
<arg>pymysql</arg>
<arg>shared_qa7_ol01</arg>
<arg>shared_ro</arg>
<arg>Re@donLy</arg>
<arg>qamysqldb03.3gqa.satmetrix.com</arg>
<arg>3312</arg>
</arguments>
<msg timestamp="20180323 13:18:22.466" level="INFO">Connecting using : pymysql.connect(db=shared_qa7_ol01, user=shared_ro, passwd=Re@donLy, host=qamysqldb03.3gqa.satmetrix.com, port=3312, charset=None) </msg>
<status status="PASS" starttime="20180323 13:18:22.366" endtime="20180323 13:18:23.159"></status>
</kw>
<kw name="Query" library="DatabaseLibrary">
<doc>Uses the input `selectStatement` to query for the values that will be returned as a list of tuples. Set optional</doc>
<arguments>
<arg>select PRIMARY_IDFIER, ENTERPRISE_ID from core_party where PARTY_TYPE_CODE='ENTERPRISE' and PRIMARY_IDFIER='SEMANTRIAG'</arg>
</arguments>
<assign>
<var>@{k}</var>
</assign>
<msg timestamp="20180323 13:18:23.169" level="INFO">Executing : Query  |  select PRIMARY_IDFIER, ENTERPRISE_ID from core_party where PARTY_TYPE_CODE='ENTERPRISE' and PRIMARY_IDFIER='SEMANTRIAG' </msg>
<msg timestamp="20180323 13:18:23.289" level="INFO">@{k} = [ ('SEMANTRIAG', 5229) ]</msg>
<status status="PASS" starttime="20180323 13:18:23.169" endtime="20180323 13:18:23.289"></status>
</kw>
<kw name="Log" library="BuiltIn">
<doc>Logs the given message with the given level.</doc>
<arguments>
<arg>@{k}</arg>
</arguments>
<msg timestamp="20180323 13:18:23.299" level="INFO">('SEMANTRIAG', 5229)</msg>
<status status="PASS" starttime="20180323 13:18:23.299" endtime="20180323 13:18:23.299"></status>
</kw>
<status status="PASS" starttime="20180323 13:18:22.366" endtime="20180323 13:18:23.299" critical="yes"></status>
</test>
<doc>Suite description</doc>
<status status="PASS" starttime="20180323 13:18:22.266" endtime="20180323 13:18:23.299"></status>
</suite>
<statistics>
<total>
<stat pass="1" fail="0">Critical Tests</stat>
<stat pass="1" fail="0">All Tests</stat>
</total>
<tag>
</tag>
<suite>
<stat pass="1" fail="0" id="s1" name="DatabaseTest1">DatabaseTest1</stat>
</suite>
</statistics>
<errors>
</errors>
</robot>
